[0.080s] DEBUG:colcon:Command line arguments: ['/usr/bin/colcon', 'build']
[0.080s] DEBUG:colcon:Parsed command line arguments: Namespace(log_base=None, log_level=None, verb_name='build', build_base='build', install_base='install', merge_install=False, symlink_install=False, test_result_base=None, continue_on_error=False, executor='parallel', parallel_workers=16, event_handlers=None, ignore_user_meta=False, metas=['./colcon.meta'], base_paths=['.'], packages_ignore=None, packages_ignore_regex=None, paths=None, packages_up_to=None, packages_up_to_regex=None, packages_above=None, packages_above_and_dependencies=None, packages_above_depth=None, packages_select_by_dep=None, packages_skip_by_dep=None, packages_skip_up_to=None, packages_select_build_failed=False, packages_skip_build_finished=False, packages_select_test_failures=False, packages_skip_test_passed=False, packages_select=None, packages_skip=None, packages_select_regex=None, packages_skip_regex=None, packages_start=None, packages_end=None, allow_overriding=[], cmake_args=None, cmake_target=None, cmake_target_skip_unavailable=False, cmake_clean_cache=False, cmake_clean_first=False, cmake_force_configure=False, ament_cmake_args=None, catkin_cmake_args=None, catkin_skip_building_tests=False, mixin_files=None, mixin=None, verb_parser=<colcon_mixin.mixin.mixin_argument.MixinArgumentDecorator object at 0x7cd1a0e9d550>, verb_extension=<colcon_core.verb.build.BuildVerb object at 0x7cd1a0e9d580>, main=<bound method BuildVerb.main of <colcon_core.verb.build.BuildVerb object at 0x7cd1a0e9d580>>, mixin_verb=('build',))
[0.102s] Level 1:colcon.colcon_core.package_discovery:discover_packages(colcon_meta) check parameters
[0.102s] Level 1:colcon.colcon_core.package_discovery:discover_packages(recursive) check parameters
[0.102s] Level 1:colcon.colcon_core.package_discovery:discover_packages(ignore) check parameters
[0.102s] Level 1:colcon.colcon_core.package_discovery:discover_packages(path) check parameters
[0.102s] Level 1:colcon.colcon_core.package_discovery:discover_packages(colcon_meta) discover
[0.102s] Level 1:colcon.colcon_core.package_discovery:discover_packages(recursive) discover
[0.102s] INFO:colcon.colcon_core.package_discovery:Crawling recursively for packages in '/home/antunes2002/microros_ws'
[0.102s] Level 1:colcon.colcon_core.package_identification:_identify(.) by extensions ['ignore', 'ignore_ament_install']
[0.102s] Level 1:colcon.colcon_core.package_identification:_identify(.) by extension 'ignore'
[0.102s] Level 1:colcon.colcon_core.package_identification:_identify(.) by extension 'ignore_ament_install'
[0.102s] Level 1:colcon.colcon_core.package_identification:_identify(.) by extensions ['colcon_pkg']
[0.102s] Level 1:colcon.colcon_core.package_identification:_identify(.) by extension 'colcon_pkg'
[0.102s] Level 1:colcon.colcon_core.package_identification:_identify(.) by extensions ['colcon_meta']
[0.102s] Level 1:colcon.colcon_core.package_identification:_identify(.) by extension 'colcon_meta'
[0.102s] Level 1:colcon.colcon_core.package_identification:_identify(.) by extensions ['ros']
[0.102s] Level 1:colcon.colcon_core.package_identification:_identify(.) by extension 'ros'
[0.117s] Level 1:colcon.colcon_core.package_identification:_identify(.) by extensions ['cmake', 'python']
[0.117s] Level 1:colcon.colcon_core.package_identification:_identify(.) by extension 'cmake'
[0.117s] Level 1:colcon.colcon_core.package_identification:_identify(.) by extension 'python'
[0.117s] Level 1:colcon.colcon_core.package_identification:_identify(.) by extensions ['python_setup_py']
[0.117s] Level 1:colcon.colcon_core.package_identification:_identify(.) by extension 'python_setup_py'
[0.117s] Level 1:colcon.colcon_core.package_identification:_identify(build) by extensions ['ignore', 'ignore_ament_install']
[0.117s] Level 1:colcon.colcon_core.package_identification:_identify(build) by extension 'ignore'
[0.117s] Level 1:colcon.colcon_core.package_identification:_identify(build) ignored
[0.117s] Level 1:colcon.colcon_core.package_identification:_identify(install) by extensions ['ignore', 'ignore_ament_install']
[0.117s] Level 1:colcon.colcon_core.package_identification:_identify(install) by extension 'ignore'
[0.117s] Level 1:colcon.colcon_core.package_identification:_identify(install) ignored
[0.117s] Level 1:colcon.colcon_core.package_identification:_identify(log) by extensions ['ignore', 'ignore_ament_install']
[0.117s] Level 1:colcon.colcon_core.package_identification:_identify(log) by extension 'ignore'
[0.117s] Level 1:colcon.colcon_core.package_identification:_identify(log) ignored
[0.117s] Level 1:colcon.colcon_core.package_identification:_identify(src) by extensions ['ignore', 'ignore_ament_install']
[0.117s] Level 1:colcon.colcon_core.package_identification:_identify(src) by extension 'ignore'
[0.117s] Level 1:colcon.colcon_core.package_identification:_identify(src) by extension 'ignore_ament_install'
[0.117s] Level 1:colcon.colcon_core.package_identification:_identify(src) by extensions ['colcon_pkg']
[0.117s] Level 1:colcon.colcon_core.package_identification:_identify(src) by extension 'colcon_pkg'
[0.117s] Level 1:colcon.colcon_core.package_identification:_identify(src) by extensions ['colcon_meta']
[0.117s] Level 1:colcon.colcon_core.package_identification:_identify(src) by extension 'colcon_meta'
[0.117s] Level 1:colcon.colcon_core.package_identification:_identify(src) by extensions ['ros']
[0.117s] Level 1:colcon.colcon_core.package_identification:_identify(src) by extension 'ros'
[0.117s] Level 1:colcon.colcon_core.package_identification:_identify(src) by extensions ['cmake', 'python']
[0.117s] Level 1:colcon.colcon_core.package_identification:_identify(src) by extension 'cmake'
[0.117s] Level 1:colcon.colcon_core.package_identification:_identify(src) by extension 'python'
[0.117s] Level 1:colcon.colcon_core.package_identification:_identify(src) by extensions ['python_setup_py']
[0.117s] Level 1:colcon.colcon_core.package_identification:_identify(src) by extension 'python_setup_py'
[0.117s] Level 1:colcon.colcon_core.package_identification:_identify(src/micro-ros-agent) by extensions ['ignore', 'ignore_ament_install']
[0.117s] Level 1:colcon.colcon_core.package_identification:_identify(src/micro-ros-agent) by extension 'ignore'
[0.117s] Level 1:colcon.colcon_core.package_identification:_identify(src/micro-ros-agent) by extension 'ignore_ament_install'
[0.117s] Level 1:colcon.colcon_core.package_identification:_identify(src/micro-ros-agent) by extensions ['colcon_pkg']
[0.117s] Level 1:colcon.colcon_core.package_identification:_identify(src/micro-ros-agent) by extension 'colcon_pkg'
[0.117s] Level 1:colcon.colcon_core.package_identification:_identify(src/micro-ros-agent) by extensions ['colcon_meta']
[0.118s] Level 1:colcon.colcon_core.package_identification:_identify(src/micro-ros-agent) by extension 'colcon_meta'
[0.118s] Level 1:colcon.colcon_core.package_identification:_identify(src/micro-ros-agent) by extensions ['ros']
[0.118s] Level 1:colcon.colcon_core.package_identification:_identify(src/micro-ros-agent) by extension 'ros'
[0.118s] Level 1:colcon.colcon_core.package_identification:_identify(src/micro-ros-agent) by extensions ['cmake', 'python']
[0.118s] Level 1:colcon.colcon_core.package_identification:_identify(src/micro-ros-agent) by extension 'cmake'
[0.118s] Level 1:colcon.colcon_core.package_identification:_identify(src/micro-ros-agent) by extension 'python'
[0.118s] Level 1:colcon.colcon_core.package_identification:_identify(src/micro-ros-agent) by extensions ['python_setup_py']
[0.118s] Level 1:colcon.colcon_core.package_identification:_identify(src/micro-ros-agent) by extension 'python_setup_py'
[0.118s] Level 1:colcon.colcon_core.package_identification:_identify(src/micro-ros-agent/micro_ros_agent) by extensions ['ignore', 'ignore_ament_install']
[0.118s] Level 1:colcon.colcon_core.package_identification:_identify(src/micro-ros-agent/micro_ros_agent) by extension 'ignore'
[0.118s] Level 1:colcon.colcon_core.package_identification:_identify(src/micro-ros-agent/micro_ros_agent) by extension 'ignore_ament_install'
[0.118s] Level 1:colcon.colcon_core.package_identification:_identify(src/micro-ros-agent/micro_ros_agent) by extensions ['colcon_pkg']
[0.118s] Level 1:colcon.colcon_core.package_identification:_identify(src/micro-ros-agent/micro_ros_agent) by extension 'colcon_pkg'
[0.118s] Level 1:colcon.colcon_core.package_identification:_identify(src/micro-ros-agent/micro_ros_agent) by extensions ['colcon_meta']
[0.118s] Level 1:colcon.colcon_core.package_identification:_identify(src/micro-ros-agent/micro_ros_agent) by extension 'colcon_meta'
[0.118s] Level 1:colcon.colcon_core.package_identification:_identify(src/micro-ros-agent/micro_ros_agent) by extensions ['ros']
[0.118s] Level 1:colcon.colcon_core.package_identification:_identify(src/micro-ros-agent/micro_ros_agent) by extension 'ros'
[0.119s] DEBUG:colcon.colcon_core.package_identification:Package 'src/micro-ros-agent/micro_ros_agent' with type 'ros.ament_cmake' and name 'micro_ros_agent'
[0.119s] Level 1:colcon.colcon_core.package_identification:_identify(src/micro-ros-agent/snap) by extensions ['ignore', 'ignore_ament_install']
[0.119s] Level 1:colcon.colcon_core.package_identification:_identify(src/micro-ros-agent/snap) by extension 'ignore'
[0.119s] Level 1:colcon.colcon_core.package_identification:_identify(src/micro-ros-agent/snap) by extension 'ignore_ament_install'
[0.119s] Level 1:colcon.colcon_core.package_identification:_identify(src/micro-ros-agent/snap) by extensions ['colcon_pkg']
[0.119s] Level 1:colcon.colcon_core.package_identification:_identify(src/micro-ros-agent/snap) by extension 'colcon_pkg'
[0.119s] Level 1:colcon.colcon_core.package_identification:_identify(src/micro-ros-agent/snap) by extensions ['colcon_meta']
[0.119s] Level 1:colcon.colcon_core.package_identification:_identify(src/micro-ros-agent/snap) by extension 'colcon_meta'
[0.120s] Level 1:colcon.colcon_core.package_identification:_identify(src/micro-ros-agent/snap) by extensions ['ros']
[0.120s] Level 1:colcon.colcon_core.package_identification:_identify(src/micro-ros-agent/snap) by extension 'ros'
[0.120s] Level 1:colcon.colcon_core.package_identification:_identify(src/micro-ros-agent/snap) by extensions ['cmake', 'python']
[0.120s] Level 1:colcon.colcon_core.package_identification:_identify(src/micro-ros-agent/snap) by extension 'cmake'
[0.120s] Level 1:colcon.colcon_core.package_identification:_identify(src/micro-ros-agent/snap) by extension 'python'
[0.120s] Level 1:colcon.colcon_core.package_identification:_identify(src/micro-ros-agent/snap) by extensions ['python_setup_py']
[0.120s] Level 1:colcon.colcon_core.package_identification:_identify(src/micro-ros-agent/snap) by extension 'python_setup_py'
[0.120s] Level 1:colcon.colcon_core.package_identification:_identify(src/micro-ros-agent/snap/hooks) by extensions ['ignore', 'ignore_ament_install']
[0.120s] Level 1:colcon.colcon_core.package_identification:_identify(src/micro-ros-agent/snap/hooks) by extension 'ignore'
[0.120s] Level 1:colcon.colcon_core.package_identification:_identify(src/micro-ros-agent/snap/hooks) by extension 'ignore_ament_install'
[0.120s] Level 1:colcon.colcon_core.package_identification:_identify(src/micro-ros-agent/snap/hooks) by extensions ['colcon_pkg']
[0.120s] Level 1:colcon.colcon_core.package_identification:_identify(src/micro-ros-agent/snap/hooks) by extension 'colcon_pkg'
[0.120s] Level 1:colcon.colcon_core.package_identification:_identify(src/micro-ros-agent/snap/hooks) by extensions ['colcon_meta']
[0.120s] Level 1:colcon.colcon_core.package_identification:_identify(src/micro-ros-agent/snap/hooks) by extension 'colcon_meta'
[0.120s] Level 1:colcon.colcon_core.package_identification:_identify(src/micro-ros-agent/snap/hooks) by extensions ['ros']
[0.120s] Level 1:colcon.colcon_core.package_identification:_identify(src/micro-ros-agent/snap/hooks) by extension 'ros'
[0.120s] Level 1:colcon.colcon_core.package_identification:_identify(src/micro-ros-agent/snap/hooks) by extensions ['cmake', 'python']
[0.120s] Level 1:colcon.colcon_core.package_identification:_identify(src/micro-ros-agent/snap/hooks) by extension 'cmake'
[0.120s] Level 1:colcon.colcon_core.package_identification:_identify(src/micro-ros-agent/snap/hooks) by extension 'python'
[0.120s] Level 1:colcon.colcon_core.package_identification:_identify(src/micro-ros-agent/snap/hooks) by extensions ['python_setup_py']
[0.120s] Level 1:colcon.colcon_core.package_identification:_identify(src/micro-ros-agent/snap/hooks) by extension 'python_setup_py'
[0.120s] Level 1:colcon.colcon_core.package_identification:_identify(src/micro-ros-agent/snap/local) by extensions ['ignore', 'ignore_ament_install']
[0.120s] Level 1:colcon.colcon_core.package_identification:_identify(src/micro-ros-agent/snap/local) by extension 'ignore'
[0.120s] Level 1:colcon.colcon_core.package_identification:_identify(src/micro-ros-agent/snap/local) by extension 'ignore_ament_install'
[0.120s] Level 1:colcon.colcon_core.package_identification:_identify(src/micro-ros-agent/snap/local) by extensions ['colcon_pkg']
[0.120s] Level 1:colcon.colcon_core.package_identification:_identify(src/micro-ros-agent/snap/local) by extension 'colcon_pkg'
[0.120s] Level 1:colcon.colcon_core.package_identification:_identify(src/micro-ros-agent/snap/local) by extensions ['colcon_meta']
[0.120s] Level 1:colcon.colcon_core.package_identification:_identify(src/micro-ros-agent/snap/local) by extension 'colcon_meta'
[0.120s] Level 1:colcon.colcon_core.package_identification:_identify(src/micro-ros-agent/snap/local) by extensions ['ros']
[0.120s] Level 1:colcon.colcon_core.package_identification:_identify(src/micro-ros-agent/snap/local) by extension 'ros'
[0.120s] Level 1:colcon.colcon_core.package_identification:_identify(src/micro-ros-agent/snap/local) by extensions ['cmake', 'python']
[0.120s] Level 1:colcon.colcon_core.package_identification:_identify(src/micro-ros-agent/snap/local) by extension 'cmake'
[0.120s] Level 1:colcon.colcon_core.package_identification:_identify(src/micro-ros-agent/snap/local) by extension 'python'
[0.120s] Level 1:colcon.colcon_core.package_identification:_identify(src/micro-ros-agent/snap/local) by extensions ['python_setup_py']
[0.120s] Level 1:colcon.colcon_core.package_identification:_identify(src/micro-ros-agent/snap/local) by extension 'python_setup_py'
[0.120s] Level 1:colcon.colcon_core.package_discovery:discover_packages(recursive) using defaults
[0.120s] Level 1:colcon.colcon_core.package_discovery:discover_packages(ignore) discover
[0.120s] Level 1:colcon.colcon_core.package_discovery:discover_packages(ignore) using defaults
[0.120s] Level 1:colcon.colcon_core.package_discovery:discover_packages(path) discover
[0.120s] Level 1:colcon.colcon_core.package_discovery:discover_packages(path) using defaults
[0.131s] Level 1:colcon.colcon_core.package_discovery:discover_packages(prefix_path) check parameters
[0.132s] Level 1:colcon.colcon_core.package_discovery:discover_packages(prefix_path) discover
[0.134s] DEBUG:colcon.colcon_installed_package_information.package_discovery:Found 438 installed packages in /opt/ros/jazzy
[0.135s] Level 1:colcon.colcon_core.package_discovery:discover_packages(prefix_path) using defaults
[0.161s] Level 5:colcon.colcon_core.verb:set package 'micro_ros_agent' build argument 'cmake_args' from command line to 'None'
[0.161s] Level 5:colcon.colcon_core.verb:set package 'micro_ros_agent' build argument 'cmake_target' from command line to 'None'
[0.161s] Level 5:colcon.colcon_core.verb:set package 'micro_ros_agent' build argument 'cmake_target_skip_unavailable' from command line to 'False'
[0.161s] Level 5:colcon.colcon_core.verb:set package 'micro_ros_agent' build argument 'cmake_clean_cache' from command line to 'False'
[0.161s] Level 5:colcon.colcon_core.verb:set package 'micro_ros_agent' build argument 'cmake_clean_first' from command line to 'False'
[0.161s] Level 5:colcon.colcon_core.verb:set package 'micro_ros_agent' build argument 'cmake_force_configure' from command line to 'False'
[0.161s] Level 5:colcon.colcon_core.verb:set package 'micro_ros_agent' build argument 'ament_cmake_args' from command line to 'None'
[0.161s] Level 5:colcon.colcon_core.verb:set package 'micro_ros_agent' build argument 'catkin_cmake_args' from command line to 'None'
[0.161s] Level 5:colcon.colcon_core.verb:set package 'micro_ros_agent' build argument 'catkin_skip_building_tests' from command line to 'False'
[0.161s] DEBUG:colcon.colcon_core.verb:Building package 'micro_ros_agent' with the following arguments: {'ament_cmake_args': None, 'build_base': '/home/antunes2002/microros_ws/build/micro_ros_agent', 'catkin_cmake_args': None, 'catkin_skip_building_tests': False, 'cmake_args': None, 'cmake_clean_cache': False, 'cmake_clean_first': False, 'cmake_force_configure': False, 'cmake_target': None, 'cmake_target_skip_unavailable': False, 'install_base': '/home/antunes2002/microros_ws/install/micro_ros_agent', 'merge_install': False, 'path': '/home/antunes2002/microros_ws/src/micro-ros-agent/micro_ros_agent', 'symlink_install': False, 'test_result_base': None}
[0.161s] INFO:colcon.colcon_core.executor:Executing jobs using 'parallel' executor
[0.162s] DEBUG:colcon.colcon_parallel_executor.executor.parallel:run_until_complete
[0.162s] INFO:colcon.colcon_ros.task.ament_cmake.build:Building ROS package in '/home/antunes2002/microros_ws/src/micro-ros-agent/micro_ros_agent' with build type 'ament_cmake'
[0.162s] INFO:colcon.colcon_cmake.task.cmake.build:Building CMake package in '/home/antunes2002/microros_ws/src/micro-ros-agent/micro_ros_agent'
[0.164s] INFO:colcon.colcon_core.plugin_system:Skipping extension 'colcon_core.shell.bat': Not used on non-Windows systems
[0.164s] INFO:colcon.colcon_core.shell:Skip shell extension 'powershell' for command environment: Not usable outside of PowerShell
[0.164s] DEBUG:colcon.colcon_core.shell:Skip shell extension 'dsv' for command environment
[0.170s] DEBUG:colcon.colcon_core.event_handler.log_command:Invoking command in '/home/antunes2002/microros_ws/build/micro_ros_agent': CMAKE_PREFIX_PATH=${CMAKE_PREFIX_PATH}:/opt/ros/jazzy /usr/bin/cmake /home/antunes2002/microros_ws/src/micro-ros-agent/micro_ros_agent -DCMAKE_INSTALL_PREFIX=/home/antunes2002/microros_ws/install/micro_ros_agent
[0.578s] DEBUG:colcon.colcon_core.event_handler.log_command:Invoked command in '/home/antunes2002/microros_ws/build/micro_ros_agent' returned '0': CMAKE_PREFIX_PATH=${CMAKE_PREFIX_PATH}:/opt/ros/jazzy /usr/bin/cmake /home/antunes2002/microros_ws/src/micro-ros-agent/micro_ros_agent -DCMAKE_INSTALL_PREFIX=/home/antunes2002/microros_ws/install/micro_ros_agent
[0.579s] DEBUG:colcon.colcon_core.event_handler.log_command:Invoking command in '/home/antunes2002/microros_ws/build/micro_ros_agent': CMAKE_PREFIX_PATH=${CMAKE_PREFIX_PATH}:/opt/ros/jazzy /usr/bin/cmake --build /home/antunes2002/microros_ws/build/micro_ros_agent -- -j16 -l16
[32.601s] DEBUG:colcon.colcon_core.event_handler.log_command:Invoked command in '/home/antunes2002/microros_ws/build/micro_ros_agent' returned '0': CMAKE_PREFIX_PATH=${CMAKE_PREFIX_PATH}:/opt/ros/jazzy /usr/bin/cmake --build /home/antunes2002/microros_ws/build/micro_ros_agent -- -j16 -l16
[32.609s] DEBUG:colcon.colcon_core.event_handler.log_command:Invoking command in '/home/antunes2002/microros_ws/build/micro_ros_agent': CMAKE_PREFIX_PATH=${CMAKE_PREFIX_PATH}:/opt/ros/jazzy /usr/bin/cmake --install /home/antunes2002/microros_ws/build/micro_ros_agent
[32.617s] Level 1:colcon.colcon_core.environment:create_environment_scripts_only(micro_ros_agent)
[32.617s] DEBUG:colcon.colcon_core.event_handler.log_command:Invoked command in '/home/antunes2002/microros_ws/build/micro_ros_agent' returned '0': CMAKE_PREFIX_PATH=${CMAKE_PREFIX_PATH}:/opt/ros/jazzy /usr/bin/cmake --install /home/antunes2002/microros_ws/build/micro_ros_agent
[32.620s] Level 1:colcon.colcon_core.environment:checking '/home/antunes2002/microros_ws/install/micro_ros_agent' for CMake module files
[32.620s] Level 1:colcon.colcon_core.environment:checking '/home/antunes2002/microros_ws/install/micro_ros_agent' for CMake config files
[32.620s] Level 1:colcon.colcon_core.shell:create_environment_hook('micro_ros_agent', 'cmake_prefix_path')
[32.621s] INFO:colcon.colcon_core.shell:Creating environment hook '/home/antunes2002/microros_ws/install/micro_ros_agent/share/micro_ros_agent/hook/cmake_prefix_path.ps1'
[32.621s] INFO:colcon.colcon_core.shell:Creating environment descriptor '/home/antunes2002/microros_ws/install/micro_ros_agent/share/micro_ros_agent/hook/cmake_prefix_path.dsv'
[32.621s] INFO:colcon.colcon_core.shell:Creating environment hook '/home/antunes2002/microros_ws/install/micro_ros_agent/share/micro_ros_agent/hook/cmake_prefix_path.sh'
[32.622s] Level 1:colcon.colcon_core.environment:checking '/home/antunes2002/microros_ws/install/micro_ros_agent/lib'
[32.622s] Level 1:colcon.colcon_core.shell:create_environment_hook('micro_ros_agent', 'ld_library_path_lib')
[32.622s] INFO:colcon.colcon_core.shell:Creating environment hook '/home/antunes2002/microros_ws/install/micro_ros_agent/share/micro_ros_agent/hook/ld_library_path_lib.ps1'
[32.622s] INFO:colcon.colcon_core.shell:Creating environment descriptor '/home/antunes2002/microros_ws/install/micro_ros_agent/share/micro_ros_agent/hook/ld_library_path_lib.dsv'
[32.622s] INFO:colcon.colcon_core.shell:Creating environment hook '/home/antunes2002/microros_ws/install/micro_ros_agent/share/micro_ros_agent/hook/ld_library_path_lib.sh'
[32.622s] Level 1:colcon.colcon_core.environment:checking '/home/antunes2002/microros_ws/install/micro_ros_agent/bin'
[32.622s] Level 1:colcon.colcon_core.environment:checking '/home/antunes2002/microros_ws/install/micro_ros_agent/lib/pkgconfig/micro_ros_agent.pc'
[32.623s] Level 1:colcon.colcon_core.environment:checking '/home/antunes2002/microros_ws/install/micro_ros_agent/lib/python3.12/site-packages'
[32.623s] Level 1:colcon.colcon_core.environment:checking '/home/antunes2002/microros_ws/install/micro_ros_agent/bin'
[32.623s] INFO:colcon.colcon_core.shell:Creating package script '/home/antunes2002/microros_ws/install/micro_ros_agent/share/micro_ros_agent/package.ps1'
[32.623s] INFO:colcon.colcon_core.shell:Creating package descriptor '/home/antunes2002/microros_ws/install/micro_ros_agent/share/micro_ros_agent/package.dsv'
[32.624s] INFO:colcon.colcon_core.shell:Creating package script '/home/antunes2002/microros_ws/install/micro_ros_agent/share/micro_ros_agent/package.sh'
[32.624s] INFO:colcon.colcon_core.shell:Creating package script '/home/antunes2002/microros_ws/install/micro_ros_agent/share/micro_ros_agent/package.bash'
[32.625s] INFO:colcon.colcon_core.shell:Creating package script '/home/antunes2002/microros_ws/install/micro_ros_agent/share/micro_ros_agent/package.zsh'
[32.625s] Level 1:colcon.colcon_core.environment:create_file_with_runtime_dependencies(/home/antunes2002/microros_ws/install/micro_ros_agent/share/colcon-core/packages/micro_ros_agent)
[32.625s] Level 1:colcon.colcon_core.environment:create_environment_scripts_only(micro_ros_agent)
[32.625s] Level 1:colcon.colcon_core.environment:checking '/home/antunes2002/microros_ws/install/micro_ros_agent' for CMake module files
[32.626s] Level 1:colcon.colcon_core.environment:checking '/home/antunes2002/microros_ws/install/micro_ros_agent' for CMake config files
[32.626s] Level 1:colcon.colcon_core.shell:create_environment_hook('micro_ros_agent', 'cmake_prefix_path')
[32.626s] INFO:colcon.colcon_core.shell:Creating environment hook '/home/antunes2002/microros_ws/install/micro_ros_agent/share/micro_ros_agent/hook/cmake_prefix_path.ps1'
[32.626s] INFO:colcon.colcon_core.shell:Creating environment descriptor '/home/antunes2002/microros_ws/install/micro_ros_agent/share/micro_ros_agent/hook/cmake_prefix_path.dsv'
[32.626s] INFO:colcon.colcon_core.shell:Creating environment hook '/home/antunes2002/microros_ws/install/micro_ros_agent/share/micro_ros_agent/hook/cmake_prefix_path.sh'
[32.627s] Level 1:colcon.colcon_core.environment:checking '/home/antunes2002/microros_ws/install/micro_ros_agent/lib'
[32.627s] Level 1:colcon.colcon_core.shell:create_environment_hook('micro_ros_agent', 'ld_library_path_lib')
[32.627s] INFO:colcon.colcon_core.shell:Creating environment hook '/home/antunes2002/microros_ws/install/micro_ros_agent/share/micro_ros_agent/hook/ld_library_path_lib.ps1'
[32.627s] INFO:colcon.colcon_core.shell:Creating environment descriptor '/home/antunes2002/microros_ws/install/micro_ros_agent/share/micro_ros_agent/hook/ld_library_path_lib.dsv'
[32.627s] INFO:colcon.colcon_core.shell:Creating environment hook '/home/antunes2002/microros_ws/install/micro_ros_agent/share/micro_ros_agent/hook/ld_library_path_lib.sh'
[32.627s] Level 1:colcon.colcon_core.environment:checking '/home/antunes2002/microros_ws/install/micro_ros_agent/bin'
[32.627s] Level 1:colcon.colcon_core.environment:checking '/home/antunes2002/microros_ws/install/micro_ros_agent/lib/pkgconfig/micro_ros_agent.pc'
[32.628s] Level 1:colcon.colcon_core.environment:checking '/home/antunes2002/microros_ws/install/micro_ros_agent/lib/python3.12/site-packages'
[32.628s] Level 1:colcon.colcon_core.environment:checking '/home/antunes2002/microros_ws/install/micro_ros_agent/bin'
[32.628s] INFO:colcon.colcon_core.shell:Creating package script '/home/antunes2002/microros_ws/install/micro_ros_agent/share/micro_ros_agent/package.ps1'
[32.628s] INFO:colcon.colcon_core.shell:Creating package descriptor '/home/antunes2002/microros_ws/install/micro_ros_agent/share/micro_ros_agent/package.dsv'
[32.628s] INFO:colcon.colcon_core.shell:Creating package script '/home/antunes2002/microros_ws/install/micro_ros_agent/share/micro_ros_agent/package.sh'
[32.629s] INFO:colcon.colcon_core.shell:Creating package script '/home/antunes2002/microros_ws/install/micro_ros_agent/share/micro_ros_agent/package.bash'
[32.629s] INFO:colcon.colcon_core.shell:Creating package script '/home/antunes2002/microros_ws/install/micro_ros_agent/share/micro_ros_agent/package.zsh'
[32.629s] Level 1:colcon.colcon_core.environment:create_file_with_runtime_dependencies(/home/antunes2002/microros_ws/install/micro_ros_agent/share/colcon-core/packages/micro_ros_agent)
[32.629s] DEBUG:colcon.colcon_parallel_executor.executor.parallel:closing loop
[32.629s] DEBUG:colcon.colcon_parallel_executor.executor.parallel:loop closed
[32.629s] DEBUG:colcon.colcon_parallel_executor.executor.parallel:run_until_complete finished with '0'
[32.629s] DEBUG:colcon.colcon_core.event_reactor:joining thread
[32.634s] INFO:colcon.colcon_core.plugin_system:Skipping extension 'colcon_notification.desktop_notification.notify_send': Could not find 'notify-send'
[32.634s] INFO:colcon.colcon_core.plugin_system:Skipping extension 'colcon_notification.desktop_notification.terminal_notifier': Not used on non-Darwin systems
[32.634s] INFO:colcon.colcon_core.plugin_system:Skipping extension 'colcon_notification.desktop_notification.win32': Not used on non-Windows systems
[32.634s] INFO:colcon.colcon_notification.desktop_notification:Sending desktop notification using 'notify2'
[32.635s] DEBUG:colcon.colcon_core.event_reactor:joined thread
[32.635s] INFO:colcon.colcon_core.shell:Creating prefix script '/home/antunes2002/microros_ws/install/local_setup.ps1'
[32.636s] INFO:colcon.colcon_core.shell:Creating prefix util module '/home/antunes2002/microros_ws/install/_local_setup_util_ps1.py'
[32.637s] INFO:colcon.colcon_core.shell:Creating prefix chain script '/home/antunes2002/microros_ws/install/setup.ps1'
[32.638s] INFO:colcon.colcon_core.shell:Creating prefix script '/home/antunes2002/microros_ws/install/local_setup.sh'
[32.638s] INFO:colcon.colcon_core.shell:Creating prefix util module '/home/antunes2002/microros_ws/install/_local_setup_util_sh.py'
[32.639s] INFO:colcon.colcon_core.shell:Creating prefix chain script '/home/antunes2002/microros_ws/install/setup.sh'
[32.639s] INFO:colcon.colcon_core.shell:Creating prefix script '/home/antunes2002/microros_ws/install/local_setup.bash'
[32.640s] INFO:colcon.colcon_core.shell:Creating prefix chain script '/home/antunes2002/microros_ws/install/setup.bash'
[32.640s] INFO:colcon.colcon_core.shell:Creating prefix script '/home/antunes2002/microros_ws/install/local_setup.zsh'
[32.640s] INFO:colcon.colcon_core.shell:Creating prefix chain script '/home/antunes2002/microros_ws/install/setup.zsh'
